<?xml version="1.0" encoding="UTF-8"?>
<testsuite xmlns:xsi="http://www.w3.org/2001/XMLSchema-instance" xsi:noNamespaceSchemaLocation="https://maven.apache.org/surefire/maven-failsafe-plugin/xsd/failsafe-test-report-3.0.xsd" version="3.0" name="io.debezium.testing.system.tests.mysql.OcpMySqlConnectorIT" time="335.706" tests="1" errors="1" skipped="0" failures="0">
  <properties>
[...]
</properties>
  <testcase name="" classname="io.debezium.testing.system.tests.mysql.OcpMySqlConnectorIT" time="335.706">
    <error message="Error while setting up fixture of type class io.debezium.testing.system.fixtures.kafka.OcpKafka" type="fixture5.exceptions.FixtureException"><![CDATA[fixture5.exceptions.FixtureException: Error while setting up fixture of type class io.debezium.testing.system.fixtures.kafka.OcpKafka
	at fixture5.annotations.FixtureProcessor.setupFixture(processors.kt:76)
	at fixture5.annotations.FixtureProcessor.access$setupFixture(processors.kt:38)
	at fixture5.annotations.FixtureProcessor$fixtureObjects$2.invoke(processors.kt:42)
	at fixture5.annotations.FixtureProcessor$fixtureObjects$2.invoke(processors.kt:42)
	at kotlin.SynchronizedLazyImpl.getValue(LazyJVM.kt:74)
	at fixture5.annotations.FixtureProcessor.getFixtureObjects(processors.kt:42)
	at fixture5.annotations.FixtureProcessor.setupFixtures(processors.kt:50)
	at fixture5.annotations.ProcessorsKt.fixturesOf(processors.kt:26)
	at fixture5.FixtureExtension.beforeAll(FixtureExtension.kt:30)
	at org.junit.jupiter.engine.descriptor.ClassBasedTestDescriptor.lambda$invokeBeforeAllCallbacks$8(ClassBasedTestDescriptor.java:368)
	at org.junit.platform.engine.support.hierarchical.ThrowableCollector.execute(ThrowableCollector.java:73)
	at org.junit.jupiter.engine.descriptor.ClassBasedTestDescriptor.invokeBeforeAllCallbacks(ClassBasedTestDescriptor.java:368)
	at org.junit.jupiter.engine.descriptor.ClassBasedTestDescriptor.before(ClassBasedTestDescriptor.java:192)
	at org.junit.jupiter.engine.descriptor.ClassBasedTestDescriptor.before(ClassBasedTestDescriptor.java:78)
	at org.junit.platform.engine.support.hierarchical.NodeTestTask.lambda$executeRecursively$5(NodeTestTask.java:136)
	at org.junit.platform.engine.support.hierarchical.ThrowableCollector.execute(ThrowableCollector.java:73)
	at org.junit.platform.engine.support.hierarchical.NodeTestTask.lambda$executeRecursively$7(NodeTestTask.java:129)
	at org.junit.platform.engine.support.hierarchical.Node.around(Node.java:137)
	at org.junit.platform.engine.support.hierarchical.NodeTestTask.lambda$executeRecursively$8(NodeTestTask.java:127)
	at org.junit.platform.engine.support.hierarchical.ThrowableCollector.execute(ThrowableCollector.java:73)
	at org.junit.platform.engine.support.hierarchical.NodeTestTask.executeRecursively(NodeTestTask.java:126)
	at org.junit.platform.engine.support.hierarchical.NodeTestTask.execute(NodeTestTask.java:84)
	at java.base/java.util.ArrayList.forEach(ArrayList.java:1511)
	at org.junit.platform.engine.support.hierarchical.SameThreadHierarchicalTestExecutorService.invokeAll(SameThreadHierarchicalTestExecutorService.java:38)
	at org.junit.platform.engine.support.hierarchical.NodeTestTask.lambda$executeRecursively$5(NodeTestTask.java:143)
	at org.junit.platform.engine.support.hierarchical.ThrowableCollector.execute(ThrowableCollector.java:73)
	at org.junit.platform.engine.support.hierarchical.NodeTestTask.lambda$executeRecursively$7(NodeTestTask.java:129)
	at org.junit.platform.engine.support.hierarchical.Node.around(Node.java:137)
	at org.junit.platform.engine.support.hierarchical.NodeTestTask.lambda$executeRecursively$8(NodeTestTask.java:127)
	at org.junit.platform.engine.support.hierarchical.ThrowableCollector.execute(ThrowableCollector.java:73)
	at org.junit.platform.engine.support.hierarchical.NodeTestTask.executeRecursively(NodeTestTask.java:126)
	at org.junit.platform.engine.support.hierarchical.NodeTestTask.execute(NodeTestTask.java:84)
	at org.junit.platform.engine.support.hierarchical.SameThreadHierarchicalTestExecutorService.submit(SameThreadHierarchicalTestExecutorService.java:32)
	at org.junit.platform.engine.support.hierarchical.HierarchicalTestExecutor.execute(HierarchicalTestExecutor.java:57)
	at org.junit.platform.engine.support.hierarchical.HierarchicalTestEngine.execute(HierarchicalTestEngine.java:51)
	at org.junit.platform.launcher.core.EngineExecutionOrchestrator.execute(EngineExecutionOrchestrator.java:108)
	at org.junit.platform.launcher.core.EngineExecutionOrchestrator.execute(EngineExecutionOrchestrator.java:88)
	at org.junit.platform.launcher.core.EngineExecutionOrchestrator.lambda$execute$0(EngineExecutionOrchestrator.java:54)
	at org.junit.platform.launcher.core.EngineExecutionOrchestrator.withInterceptedStreams(EngineExecutionOrchestrator.java:67)
	at org.junit.platform.launcher.core.EngineExecutionOrchestrator.execute(EngineExecutionOrchestrator.java:52)
	at org.junit.platform.launcher.core.DefaultLauncher.execute(DefaultLauncher.java:96)
	at org.junit.platform.launcher.core.DefaultLauncher.execute(DefaultLauncher.java:75)
	at org.apache.maven.surefire.junitplatform.LazyLauncher.execute(LazyLauncher.java:55)
	at org.apache.maven.surefire.junitplatform.JUnitPlatformProvider.execute(JUnitPlatformProvider.java:223)
	at org.apache.maven.surefire.junitplatform.JUnitPlatformProvider.invokeAllTests(JUnitPlatformProvider.java:175)
	at org.apache.maven.surefire.junitplatform.JUnitPlatformProvider.invoke(JUnitPlatformProvider.java:139)
	at org.apache.maven.surefire.booter.ForkedBooter.runSuitesInProcess(ForkedBooter.java:456)
	at org.apache.maven.surefire.booter.ForkedBooter.execute(ForkedBooter.java:169)
	at org.apache.maven.surefire.booter.ForkedBooter.run(ForkedBooter.java:595)
	at org.apache.maven.surefire.booter.ForkedBooter.main(ForkedBooter.java:581)
	Suppressed: kotlin.UninitializedPropertyAccessException: lateinit property fixtures has not been initialized
		at fixture5.FixtureExtension.afterAll(FixtureExtension.kt:34)
		at org.junit.jupiter.engine.descriptor.ClassBasedTestDescriptor.lambda$invokeAfterAllCallbacks$14(ClassBasedTestDescriptor.java:434)
		at org.junit.platform.engine.support.hierarchical.ThrowableCollector.execute(ThrowableCollector.java:73)
		at org.junit.jupiter.engine.descriptor.ClassBasedTestDescriptor.lambda$invokeAfterAllCallbacks$15(ClassBasedTestDescriptor.java:434)
		at java.base/java.util.ArrayList.forEach(ArrayList.java:1511)
		at org.junit.jupiter.engine.descriptor.ClassBasedTestDescriptor.invokeAfterAllCallbacks(ClassBasedTestDescriptor.java:434)
		at org.junit.jupiter.engine.descriptor.ClassBasedTestDescriptor.after(ClassBasedTestDescriptor.java:216)
		at org.junit.jupiter.engine.descriptor.ClassBasedTestDescriptor.after(ClassBasedTestDescriptor.java:78)
		at org.junit.platform.engine.support.hierarchical.NodeTestTask.lambda$executeRecursively$6(NodeTestTask.java:149)
		at org.junit.platform.engine.support.hierarchical.ThrowableCollector.execute(ThrowableCollector.java:73)
		at org.junit.platform.engine.support.hierarchical.NodeTestTask.lambda$executeRecursively$7(NodeTestTask.java:149)
		... 33 more
Caused by: io.fabric8.kubernetes.client.KubernetesClientTimeoutException: Timed out waiting for [300000] milliseconds for [Kafka] with name:[debezium-kafka-cluster] in namespace [debezium-test].
	at io.fabric8.kubernetes.client.dsl.base.BaseOperation.waitUntilCondition(BaseOperation.java:860)
	at io.fabric8.kubernetes.client.dsl.base.BaseOperation.waitUntilCondition(BaseOperation.java:83)
	at io.debezium.testing.system.tools.kafka.OcpKafkaController.waitForCluster(OcpKafkaController.java:100)
	at io.debezium.testing.system.tools.kafka.OcpKafkaDeployer.deploy(OcpKafkaDeployer.java:51)
	at io.debezium.testing.system.fixtures.kafka.OcpKafka.deployKafkaCluster(OcpKafka.java:76)
	at io.debezium.testing.system.fixtures.kafka.OcpKafka.setup(OcpKafka.java:59)
	at fixture5.annotations.FixtureProcessor.setupFixture(processors.kt:70)
	... 49 more
]]></error>
    <system-out><![CDATA[2022-05-17 09:59:42,928 INFO   ||  Setting variable STRIMZI_LOG_LEVEL='DEBUG' on deployment 'strimzi-cluster-operator'   [io.debezium.testing.system.tools.OperatorController]
2022-05-17 09:59:42,932 INFO   ||  Using 'Always' pull policy for all containers of deployment strimzi-cluster-operator'   [io.debezium.testing.system.tools.OperatorController]
2022-05-17 09:59:42,932 INFO   ||  Setting variable STRIMZI_IMAGE_PULL_POLICY='Always' on deployment 'strimzi-cluster-operator'   [io.debezium.testing.system.tools.OperatorController]
2022-05-17 09:59:42,934 INFO   ||  Scaling Operator replicas to 1   [io.debezium.testing.system.tools.OperatorController]
2022-05-17 10:00:15,472 INFO   ||  Deploying Kafka Cluster   [io.debezium.testing.system.tools.kafka.OcpKafkaDeployer]
2022-05-17 10:00:15,521 WARN   ||  The client is using resource type 'kafkas' with unstable version 'v1beta2'   [io.fabric8.kubernetes.client.internal.VersionUsageUtils]
2022-05-17 10:00:15,898 INFO   ||  Waiting for Kafka cluster 'debezium-kafka-cluster'   [io.debezium.testing.system.tools.kafka.OcpKafkaController]
]]></system-out>
  </testcase>
</testsuite>